  PERF_TASK1.cpp
C:\Users\Alina\source\repos\PERF_TASK1\PERF_TASK1\PERF_TASK1.cpp(11,22): warning C4566: character represented by universal-character-name '\u0412' cannot be represented in the current code page (1252)
C:\Users\Alina\source\repos\PERF_TASK1\PERF_TASK1\PERF_TASK1.cpp(11,22): warning C4566: character represented by universal-character-name '\u0432' cannot be represented in the current code page (1252)
C:\Users\Alina\source\repos\PERF_TASK1\PERF_TASK1\PERF_TASK1.cpp(11,22): warning C4566: character represented by universal-character-name '\u0435' cannot be represented in the current code page (1252)
C:\Users\Alina\source\repos\PERF_TASK1\PERF_TASK1\PERF_TASK1.cpp(11,22): warning C4566: character represented by universal-character-name '\u0434' cannot be represented in the current code page (1252)
C:\Users\Alina\source\repos\PERF_TASK1\PERF_TASK1\PERF_TASK1.cpp(11,22): warning C4566: character represented by universal-character-name '\u043D' cannot be represented in the current code page (1252)
C:\Users\Alina\source\repos\PERF_TASK1\PERF_TASK1\PERF_TASK1.cpp(11,22): warning C4566: character represented by universal-character-name '\u043E' cannot be represented in the current code page (1252)
C:\Users\Alina\source\repos\PERF_TASK1\PERF_TASK1\PERF_TASK1.cpp(11,22): warning C4566: character represented by universal-character-name '\u0441' cannot be represented in the current code page (1252)
C:\Users\Alina\source\repos\PERF_TASK1\PERF_TASK1\PERF_TASK1.cpp(11,22): warning C4566: character represented by universal-character-name '\u043B' cannot be represented in the current code page (1252)
C:\Users\Alina\source\repos\PERF_TASK1\PERF_TASK1\PERF_TASK1.cpp(11,22): warning C4566: character represented by universal-character-name '\u0438' cannot be represented in the current code page (1252)
C:\Users\Alina\source\repos\PERF_TASK1\PERF_TASK1\PERF_TASK1.cpp(11,22): warning C4566: character represented by universal-character-name '\u0448' cannot be represented in the current code page (1252)
C:\Users\Alina\source\repos\PERF_TASK1\PERF_TASK1\PERF_TASK1.cpp(11,22): warning C4566: character represented by universal-character-name '\u043A' cannot be represented in the current code page (1252)
C:\Users\Alina\source\repos\PERF_TASK1\PERF_TASK1\PERF_TASK1.cpp(11,22): warning C4566: character represented by universal-character-name '\u043C' cannot be represented in the current code page (1252)
C:\Users\Alina\source\repos\PERF_TASK1\PERF_TASK1\PERF_TASK1.cpp(11,22): warning C4566: character represented by universal-character-name '\u0433' cannot be represented in the current code page (1252)
C:\Users\Alina\source\repos\PERF_TASK1\PERF_TASK1\PERF_TASK1.cpp(11,22): warning C4566: character represented by universal-character-name '\u043F' cannot be represented in the current code page (1252)
C:\Users\Alina\source\repos\PERF_TASK1\PERF_TASK1\PERF_TASK1.cpp(11,22): warning C4566: character represented by universal-character-name '\u0430' cannot be represented in the current code page (1252)
C:\Users\Alina\source\repos\PERF_TASK1\PERF_TASK1\PERF_TASK1.cpp(11,22): warning C4566: character represented by universal-character-name '\u0440' cannot be represented in the current code page (1252)
C:\Users\Alina\source\repos\PERF_TASK1\PERF_TASK1\PERF_TASK1.cpp(11,22): warning C4566: character represented by universal-character-name '\u0442' cannot be represented in the current code page (1252)
C:\Users\Alina\source\repos\PERF_TASK1\PERF_TASK1\PERF_TASK1.cpp(16,22): warning C4566: character represented by universal-character-name '\u043D' cannot be represented in the current code page (1252)
C:\Users\Alina\source\repos\PERF_TASK1\PERF_TASK1\PERF_TASK1.cpp(16,22): warning C4566: character represented by universal-character-name '\u0435' cannot be represented in the current code page (1252)
C:\Users\Alina\source\repos\PERF_TASK1\PERF_TASK1\PERF_TASK1.cpp(16,22): warning C4566: character represented by universal-character-name '\u043C' cannot be represented in the current code page (1252)
C:\Users\Alina\source\repos\PERF_TASK1\PERF_TASK1\PERF_TASK1.cpp(16,22): warning C4566: character represented by universal-character-name '\u043E' cannot be represented in the current code page (1252)
C:\Users\Alina\source\repos\PERF_TASK1\PERF_TASK1\PERF_TASK1.cpp(16,22): warning C4566: character represented by universal-character-name '\u0436' cannot be represented in the current code page (1252)
C:\Users\Alina\source\repos\PERF_TASK1\PERF_TASK1\PERF_TASK1.cpp(16,22): warning C4566: character represented by universal-character-name '\u0442' cannot be represented in the current code page (1252)
C:\Users\Alina\source\repos\PERF_TASK1\PERF_TASK1\PERF_TASK1.cpp(16,22): warning C4566: character represented by universal-character-name '\u0431' cannot be represented in the current code page (1252)
C:\Users\Alina\source\repos\PERF_TASK1\PERF_TASK1\PERF_TASK1.cpp(16,22): warning C4566: character represented by universal-character-name '\u044B' cannot be represented in the current code page (1252)
C:\Users\Alina\source\repos\PERF_TASK1\PERF_TASK1\PERF_TASK1.cpp(16,22): warning C4566: character represented by universal-character-name '\u044C' cannot be represented in the current code page (1252)
C:\Users\Alina\source\repos\PERF_TASK1\PERF_TASK1\PERF_TASK1.cpp(16,22): warning C4566: character represented by universal-character-name '\u0448' cannot be represented in the current code page (1252)
C:\Users\Alina\source\repos\PERF_TASK1\PERF_TASK1\PERF_TASK1.cpp(21,22): warning C4566: character represented by universal-character-name '\u043D' cannot be represented in the current code page (1252)
C:\Users\Alina\source\repos\PERF_TASK1\PERF_TASK1\PERF_TASK1.cpp(21,22): warning C4566: character represented by universal-character-name '\u0435' cannot be represented in the current code page (1252)
C:\Users\Alina\source\repos\PERF_TASK1\PERF_TASK1\PERF_TASK1.cpp(21,22): warning C4566: character represented by universal-character-name '\u043C' cannot be represented in the current code page (1252)
C:\Users\Alina\source\repos\PERF_TASK1\PERF_TASK1\PERF_TASK1.cpp(21,22): warning C4566: character represented by universal-character-name '\u043E' cannot be represented in the current code page (1252)
C:\Users\Alina\source\repos\PERF_TASK1\PERF_TASK1\PERF_TASK1.cpp(21,22): warning C4566: character represented by universal-character-name '\u0436' cannot be represented in the current code page (1252)
C:\Users\Alina\source\repos\PERF_TASK1\PERF_TASK1\PERF_TASK1.cpp(21,22): warning C4566: character represented by universal-character-name '\u0442' cannot be represented in the current code page (1252)
C:\Users\Alina\source\repos\PERF_TASK1\PERF_TASK1\PERF_TASK1.cpp(21,22): warning C4566: character represented by universal-character-name '\u0431' cannot be represented in the current code page (1252)
C:\Users\Alina\source\repos\PERF_TASK1\PERF_TASK1\PERF_TASK1.cpp(21,22): warning C4566: character represented by universal-character-name '\u044B' cannot be represented in the current code page (1252)
C:\Users\Alina\source\repos\PERF_TASK1\PERF_TASK1\PERF_TASK1.cpp(21,22): warning C4566: character represented by universal-character-name '\u044C' cannot be represented in the current code page (1252)
C:\Users\Alina\source\repos\PERF_TASK1\PERF_TASK1\PERF_TASK1.cpp(21,22): warning C4566: character represented by universal-character-name '\u0448' cannot be represented in the current code page (1252)
  PERF_TASK1.vcxproj -> C:\Users\Alina\source\repos\PERF_TASK1\PERF_TASK1\x64\Debug\PERF_TASK1.exe
